<?xml version="1.0" encoding="UTF-8"?>
<testng-results ignored="0" total="4" passed="4" failed="0" skipped="0">
  <reporter-output>
  </reporter-output>
  <suite started-at="2021-03-10T10:19:13 IST" name="Default suite" finished-at="2021-03-10T10:19:50 IST" duration-ms="37249">
    <groups>
      <group name="cucumber">
        <method signature="AbstractTestNGCucumberTests.runScenario(io.cucumber.testng.PickleWrapper, io.cucumber.testng.FeatureWrapper)[pri:0, instance:com.c3m.ApiAutomation.Runners.RunnerCuke@4d5b6aac]" name="runScenario" class="io.cucumber.testng.AbstractTestNGCucumberTests"/>
      </group> <!-- cucumber -->
    </groups>
    <test started-at="2021-03-10T10:19:13 IST" name="Default test" finished-at="2021-03-10T10:19:50 IST" duration-ms="37249">
      <class name="test.java.Runners.RunnerCuke">
        <test-method is-config="true" signature="setUpClass()[pri:0, instance:com.c3m.ApiAutomation.Runners.RunnerCuke@4d5b6aac]" started-at="2021-03-10T10:19:13 IST" name="setUpClass" finished-at="2021-03-10T10:19:13 IST" duration-ms="541" status="PASS">
          <reporter-output>
          </reporter-output>
        </test-method> <!-- setUpClass -->
        <test-method signature="runScenario(io.cucumber.testng.PickleWrapper, io.cucumber.testng.FeatureWrapper)[pri:0, instance:com.c3m.ApiAutomation.Runners.RunnerCuke@4d5b6aac]" started-at="2021-03-10T10:19:13 IST" name="runScenario" description="Runs Cucumber Scenarios" data-provider="scenarios" finished-at="2021-03-10T10:19:23 IST" duration-ms="9291" status="PASS">
          <params>
            <param index="0">
              <value>
                <![CDATA["Validate account group creation for all cloud providers with valid data"]]>
              </value>
            </param>
            <param index="1">
              <value>
                <![CDATA["Optional[Account Groups]"]]>
              </value>
            </param>
          </params>
          <reporter-output>
          </reporter-output>
        </test-method> <!-- runScenario -->
        <test-method signature="runScenario(io.cucumber.testng.PickleWrapper, io.cucumber.testng.FeatureWrapper)[pri:0, instance:com.c3m.ApiAutomation.Runners.RunnerCuke@4d5b6aac]" started-at="2021-03-10T10:19:23 IST" name="runScenario" description="Runs Cucumber Scenarios" data-provider="scenarios" finished-at="2021-03-10T10:19:28 IST" duration-ms="5536" status="PASS">
          <params>
            <param index="0">
              <value>
                <![CDATA["Validate account group creation for all cloud providers with valid data"]]>
              </value>
            </param>
            <param index="1">
              <value>
                <![CDATA["Optional[Account Groups]"]]>
              </value>
            </param>
          </params>
          <reporter-output>
          </reporter-output>
        </test-method> <!-- runScenario -->
        <test-method signature="runScenario(io.cucumber.testng.PickleWrapper, io.cucumber.testng.FeatureWrapper)[pri:0, instance:com.c3m.ApiAutomation.Runners.RunnerCuke@4d5b6aac]" started-at="2021-03-10T10:19:28 IST" name="runScenario" description="Runs Cucumber Scenarios" data-provider="scenarios" finished-at="2021-03-10T10:19:34 IST" duration-ms="5748" status="PASS">
          <params>
            <param index="0">
              <value>
                <![CDATA["Validate account group creation for all cloud providers with valid data"]]>
              </value>
            </param>
            <param index="1">
              <value>
                <![CDATA["Optional[Account Groups]"]]>
              </value>
            </param>
          </params>
          <reporter-output>
          </reporter-output>
        </test-method> <!-- runScenario -->
        <test-method signature="runScenario(io.cucumber.testng.PickleWrapper, io.cucumber.testng.FeatureWrapper)[pri:0, instance:com.c3m.ApiAutomation.Runners.RunnerCuke@4d5b6aac]" started-at="2021-03-10T10:19:34 IST" name="runScenario" description="Runs Cucumber Scenarios" data-provider="scenarios" finished-at="2021-03-10T10:19:42 IST" duration-ms="7988" status="PASS">
          <params>
            <param index="0">
              <value>
                <![CDATA["Validate error message when account group created with duplicate name"]]>
              </value>
            </param>
            <param index="1">
              <value>
                <![CDATA["Optional[Account Groups]"]]>
              </value>
            </param>
          </params>
          <reporter-output>
          </reporter-output>
        </test-method> <!-- runScenario -->
        <test-method is-config="true" signature="tearDownClass()[pri:0, instance:com.c3m.ApiAutomation.Runners.RunnerCuke@4d5b6aac]" started-at="2021-03-10T10:19:42 IST" name="tearDownClass" finished-at="2021-03-10T10:19:50 IST" duration-ms="8108" status="PASS">
          <reporter-output>
          </reporter-output>
        </test-method> <!-- tearDownClass -->
      </class> <!-- RunnerCuke -->
    </test> <!-- Default test -->
  </suite> <!-- Default suite -->
</testng-results>
